<?xml version="1.0" encoding="UTF-8"?>
<testsuite xmlns:xsi="http://www.w3.org/2001/XMLSchema-instance" xsi:noNamespaceSchemaLocation="https://maven.apache.org/surefire/maven-surefire-plugin/xsd/surefire-test-report.xsd" version="3.0.2" name="backend.academy.samples.WordTests" time="0.071" tests="5" errors="0" skipped="0" failures="0">
  <properties>
[...]
</properties>
  <testcase name="testGetters" classname="backend.academy.samples.WordTests" time="0.002"/>
  <testcase name="testWordToLowercase" classname="backend.academy.samples.WordTests" time="0.004"/>
  <testcase name="testHintToLowercase" classname="backend.academy.samples.WordTests" time="0.004"/>
  <testcase name="testThemeToLowercase" classname="backend.academy.samples.WordTests" time="0.016"/>
  <testcase name="testConstructor" classname="backend.academy.samples.WordTests" time="0.007"/>
</testsuite>